<?xml version="1.0" ?>
<!DOCTYPE coverage
  SYSTEM 'http://cobertura.sourceforge.net/xml/coverage-04.dtd'>
<coverage branch-rate="0.41785714285714287" branches-covered="117" branches-valid="280" complexity="0" line-rate="0.6100766703176341" lines-covered="557" lines-valid="913" timestamp="1637196824" version="2.0.3">
	<sources>
		<source>.</source>
	</sources>
	<packages>
		<package line-rate="0.375" branch-rate="0.5454545454545454" name="inc" complexity="0">
			<classes>
				<class branch-rate="0.5454545454545454" complexity="0" filename="inc/json.hh" line-rate="0.375" name="inc.json.hh">
					<methods>
						<method name="_ZN4jsonC2EP11json_object" signature="" line-rate="1.0" branch-rate="1.0">
							<lines>
								<line hits="8" number="34" branch="false"/>
							</lines>
						</method>
						<method name="_ZN4json9set_fieldEPKcRKi" signature="" line-rate="1.0" branch-rate="1.0">
							<lines>
								<line hits="2" number="120" branch="false"/>
							</lines>
						</method>
						<method name="_ZN4json9set_fieldEPKcS1_" signature="" line-rate="1.0" branch-rate="1.0">
							<lines>
								<line hits="2" number="113" branch="false"/>
							</lines>
						</method>
						<method name="_ZN4json9set_fieldEPKcRKS_" signature="" line-rate="1.0" branch-rate="1.0">
							<lines>
								<line hits="1" number="136" branch="false"/>
							</lines>
						</method>
						<method name="_ZN4jsonC2ERKS_" signature="" line-rate="1.0" branch-rate="1.0">
							<lines>
								<line hits="1" number="28" branch="false"/>
							</lines>
						</method>
						<method name="_ZN4json9get_fieldEPKc" signature="" line-rate="1.0" branch-rate="1.0">
							<lines>
								<line hits="6" number="88" branch="false"/>
							</lines>
						</method>
						<method name="_ZN18json_missing_fieldC2ERKNSt7__cxx1112basic_stringIcSt11char_traitsIcESaIcEEE" signature="" line-rate="0.0" branch-rate="0.0">
							<lines>
								<line hits="0" number="15" branch="false"/>
							</lines>
						</method>
						<method name="_ZNK4json9to_stringB5cxx11Ev" signature="" line-rate="1.0" branch-rate="1.0">
							<lines>
								<line hits="3" number="55" branch="false"/>
							</lines>
						</method>
						<method name="_ZN4jsonD2Ev" signature="" line-rate="1.0" branch-rate="1.0">
							<lines>
								<line hits="10" number="41" branch="false"/>
							</lines>
						</method>
						<method name="_ZN4json9has_fieldEPKc" signature="" line-rate="1.0" branch-rate="1.0">
							<lines>
								<line hits="2" number="78" branch="false"/>
							</lines>
						</method>
						<method name="_ZN4jsonC2Eb" signature="" line-rate="1.0" branch-rate="1.0">
							<lines>
								<line hits="1" number="23" branch="false"/>
							</lines>
						</method>
						<method name="_ZN4jsoneqERKS_" signature="" line-rate="1.0" branch-rate="1.0">
							<lines>
								<line hits="2" number="45" branch="false"/>
							</lines>
						</method>
						<method name="_ZN4jsonneERKS_" signature="" line-rate="1.0" branch-rate="1.0">
							<lines>
								<line hits="2" number="50" branch="false"/>
							</lines>
						</method>
						<method name="_ZN4jsonC2EPKc" signature="" line-rate="0.0" branch-rate="0.0">
							<lines>
								<line hits="0" number="29" branch="false"/>
							</lines>
						</method>
						<method name="_ZN4jsonaSERKS_" signature="" line-rate="0.0" branch-rate="0.0">
							<lines>
								<line hits="0" number="43" branch="false"/>
							</lines>
						</method>
						<method name="_ZNK4json6to_intEv" signature="" line-rate="0.0" branch-rate="0.0">
							<lines>
								<line hits="0" number="63" branch="false"/>
							</lines>
						</method>
						<method name="_ZNK4json7to_boolEv" signature="" line-rate="0.0" branch-rate="0.0">
							<lines>
								<line hits="0" number="69" branch="false"/>
							</lines>
						</method>
						<method name="_ZN4json13to_json_c_objEv" signature="" line-rate="0.0" branch-rate="0.0">
							<lines>
								<line hits="0" number="75" branch="false"/>
							</lines>
						</method>
						<method name="_ZNK4json13to_json_c_objEv" signature="" line-rate="0.0" branch-rate="0.0">
							<lines>
								<line hits="0" number="76" branch="false"/>
							</lines>
						</method>
						<method name="_ZNK4json9get_fieldEPKc" signature="" line-rate="0.0" branch-rate="0.0">
							<lines>
								<line hits="0" number="97" branch="false"/>
							</lines>
						</method>
						<method name="_ZN4json9set_fieldEPKcRKNSt7__cxx1112basic_stringIcSt11char_traitsIcESaIcEEE" signature="" line-rate="0.0" branch-rate="0.0">
							<lines>
								<line hits="0" number="106" branch="false"/>
							</lines>
						</method>
						<method name="_ZN4json9set_fieldEPKcRKb" signature="" line-rate="0.0" branch-rate="0.0">
							<lines>
								<line hits="0" number="127" branch="false"/>
							</lines>
						</method>
						<method name="_ZN4json11get_elementEi" signature="" line-rate="0.0" branch-rate="0.0">
							<lines>
								<line hits="0" number="142" branch="false"/>
							</lines>
						</method>
						<method name="_ZNK4json11get_elementEi" signature="" line-rate="0.0" branch-rate="0.0">
							<lines>
								<line hits="0" number="151" branch="false"/>
							</lines>
						</method>
						<method name="_ZN4json11set_elementEiRKNSt7__cxx1112basic_stringIcSt11char_traitsIcESaIcEEE" signature="" line-rate="0.0" branch-rate="0.0">
							<lines>
								<line hits="0" number="160" branch="false"/>
							</lines>
						</method>
						<method name="_ZN4json11set_elementEiPKc" signature="" line-rate="0.0" branch-rate="0.0">
							<lines>
								<line hits="0" number="167" branch="false"/>
							</lines>
						</method>
						<method name="_ZN4json11set_elementEiRKi" signature="" line-rate="0.0" branch-rate="0.0">
							<lines>
								<line hits="0" number="174" branch="false"/>
							</lines>
						</method>
						<method name="_ZN4json11set_elementEiRKb" signature="" line-rate="0.0" branch-rate="0.0">
							<lines>
								<line hits="0" number="181" branch="false"/>
							</lines>
						</method>
						<method name="_ZN4json11set_elementEiRKS_" signature="" line-rate="0.0" branch-rate="0.0">
							<lines>
								<line hits="0" number="190" branch="false"/>
							</lines>
						</method>
					</methods>
					<lines>
						<line branch="false" hits="0" number="15"/>
						<line branch="false" hits="1" number="23"/>
						<line branch="true" hits="1" number="24" condition-coverage="50% (1/2)"/>
						<line branch="false" hits="1" number="25"/>
						<line branch="false" hits="1" number="26"/>
						<line branch="false" hits="1" number="27"/>
						<line branch="false" hits="1" number="28"/>
						<line branch="false" hits="0" number="29"/>
						<line branch="false" hits="0" number="30"/>
						<line branch="false" hits="0" number="31"/>
						<line branch="false" hits="0" number="32"/>
						<line branch="false" hits="0" number="33"/>
						<line branch="false" hits="8" number="34"/>
						<line branch="true" hits="8" number="35" condition-coverage="50% (1/2)"/>
						<line branch="false" hits="0" number="36"/>
						<line branch="false" hits="0" number="37"/>
						<line branch="false" hits="8" number="38"/>
						<line branch="false" hits="10" number="41"/>
						<line branch="false" hits="0" number="43"/>
						<line branch="false" hits="2" number="45"/>
						<line branch="false" hits="2" number="46"/>
						<line branch="false" hits="2" number="47"/>
						<line branch="false" hits="2" number="48"/>
						<line branch="false" hits="2" number="50"/>
						<line branch="false" hits="2" number="51"/>
						<line branch="false" hits="2" number="52"/>
						<line branch="false" hits="2" number="53"/>
						<line branch="false" hits="3" number="55"/>
						<line branch="false" hits="3" number="56"/>
						<line branch="true" hits="3" number="57" condition-coverage="50% (1/2)"/>
						<line branch="true" hits="3" number="59" condition-coverage="50% (1/2)"/>
						<line branch="false" hits="3" number="60"/>
						<line branch="false" hits="3" number="61"/>
						<line branch="false" hits="0" number="63"/>
						<line branch="false" hits="0" number="64"/>
						<line branch="false" hits="0" number="65"/>
						<line branch="false" hits="0" number="66"/>
						<line branch="false" hits="0" number="67"/>
						<line branch="false" hits="0" number="69"/>
						<line branch="false" hits="0" number="70"/>
						<line branch="false" hits="0" number="71"/>
						<line branch="false" hits="0" number="72"/>
						<line branch="false" hits="0" number="73"/>
						<line branch="false" hits="0" number="75"/>
						<line branch="false" hits="0" number="76"/>
						<line branch="false" hits="2" number="78"/>
						<line branch="false" hits="2" number="79"/>
						<line branch="true" hits="2" number="80" condition-coverage="50% (1/2)"/>
						<line branch="true" hits="2" number="81" condition-coverage="100% (2/2)"/>
						<line branch="false" hits="1" number="82"/>
						<line branch="false" hits="1" number="83"/>
						<line branch="false" hits="1" number="84"/>
						<line branch="false" hits="2" number="85"/>
						<line branch="false" hits="2" number="86"/>
						<line branch="false" hits="6" number="88"/>
						<line branch="true" hits="6" number="89" condition-coverage="50% (1/2)"/>
						<line branch="false" hits="0" number="90"/>
						<line branch="false" hits="6" number="91"/>
						<line branch="true" hits="6" number="92" condition-coverage="50% (1/2)"/>
						<line branch="false" hits="6" number="93"/>
						<line branch="false" hits="6" number="94"/>
						<line branch="false" hits="6" number="95"/>
						<line branch="false" hits="0" number="97"/>
						<line branch="false" hits="0" number="98"/>
						<line branch="false" hits="0" number="99"/>
						<line branch="false" hits="0" number="100"/>
						<line branch="false" hits="0" number="101"/>
						<line branch="false" hits="0" number="102"/>
						<line branch="false" hits="0" number="103"/>
						<line branch="false" hits="0" number="104"/>
						<line branch="false" hits="0" number="106"/>
						<line branch="false" hits="0" number="107"/>
						<line branch="false" hits="0" number="108"/>
						<line branch="false" hits="0" number="109"/>
						<line branch="false" hits="0" number="110"/>
						<line branch="false" hits="0" number="111"/>
						<line branch="false" hits="2" number="113"/>
						<line branch="true" hits="2" number="114" condition-coverage="50% (1/2)"/>
						<line branch="false" hits="0" number="115"/>
						<line branch="false" hits="2" number="116"/>
						<line branch="false" hits="2" number="117"/>
						<line branch="false" hits="2" number="118"/>
						<line branch="false" hits="2" number="120"/>
						<line branch="true" hits="2" number="121" condition-coverage="50% (1/2)"/>
						<line branch="false" hits="0" number="122"/>
						<line branch="false" hits="2" number="123"/>
						<line branch="false" hits="2" number="124"/>
						<line branch="false" hits="2" number="125"/>
						<line branch="false" hits="0" number="127"/>
						<line branch="false" hits="0" number="128"/>
						<line branch="false" hits="0" number="129"/>
						<line branch="false" hits="0" number="130"/>
						<line branch="false" hits="0" number="131"/>
						<line branch="false" hits="0" number="132"/>
						<line branch="false" hits="1" number="136"/>
						<line branch="true" hits="1" number="137" condition-coverage="50% (1/2)"/>
						<line branch="false" hits="0" number="138"/>
						<line branch="false" hits="1" number="139"/>
						<line branch="false" hits="1" number="140"/>
						<line branch="false" hits="0" number="142"/>
						<line branch="false" hits="0" number="143"/>
						<line branch="false" hits="0" number="144"/>
						<line branch="false" hits="0" number="145"/>
						<line branch="false" hits="0" number="146"/>
						<line branch="false" hits="0" number="147"/>
						<line branch="false" hits="0" number="148"/>
						<line branch="false" hits="0" number="149"/>
						<line branch="false" hits="0" number="151"/>
						<line branch="false" hits="0" number="152"/>
						<line branch="false" hits="0" number="153"/>
						<line branch="false" hits="0" number="154"/>
						<line branch="false" hits="0" number="155"/>
						<line branch="false" hits="0" number="156"/>
						<line branch="false" hits="0" number="157"/>
						<line branch="false" hits="0" number="158"/>
						<line branch="false" hits="0" number="160"/>
						<line branch="false" hits="0" number="161"/>
						<line branch="false" hits="0" number="162"/>
						<line branch="false" hits="0" number="163"/>
						<line branch="false" hits="0" number="164"/>
						<line branch="false" hits="0" number="165"/>
						<line branch="false" hits="0" number="167"/>
						<line branch="false" hits="0" number="168"/>
						<line branch="false" hits="0" number="169"/>
						<line branch="false" hits="0" number="170"/>
						<line branch="false" hits="0" number="171"/>
						<line branch="false" hits="0" number="172"/>
						<line branch="false" hits="0" number="174"/>
						<line branch="false" hits="0" number="175"/>
						<line branch="false" hits="0" number="176"/>
						<line branch="false" hits="0" number="177"/>
						<line branch="false" hits="0" number="178"/>
						<line branch="false" hits="0" number="179"/>
						<line branch="false" hits="0" number="181"/>
						<line branch="false" hits="0" number="182"/>
						<line branch="false" hits="0" number="183"/>
						<line branch="false" hits="0" number="184"/>
						<line branch="false" hits="0" number="185"/>
						<line branch="false" hits="0" number="186"/>
						<line branch="false" hits="0" number="190"/>
						<line branch="false" hits="0" number="191"/>
						<line branch="false" hits="0" number="192"/>
						<line branch="false" hits="0" number="193"/>
						<line branch="false" hits="0" number="194"/>
					</lines>
				</class>
			</classes>
		</package>
		<package line-rate="0.6540962288686606" branch-rate="0.4069767441860465" name="src" complexity="0">
			<classes>
				<class branch-rate="0.4069767441860465" complexity="0" filename="src/redis_ipc.c" line-rate="0.6540962288686606" name="src.redis_ipc.c">
					<methods>
						<method name="get_per_thread_info" signature="" line-rate="1.0" branch-rate="1.0">
							<lines>
								<line hits="68" number="46" branch="false"/>
							</lines>
						</method>
						<method name="cleanup_per_thread_info" signature="" line-rate="1.0" branch-rate="1.0">
							<lines>
								<line hits="6" number="137" branch="false"/>
							</lines>
						</method>
						<method name="redis_ipc_init" signature="" line-rate="1.0" branch-rate="1.0">
							<lines>
								<line hits="6" number="150" branch="false"/>
							</lines>
						</method>
						<method name="redis_ipc_cleanup" signature="" line-rate="1.0" branch-rate="1.0">
							<lines>
								<line hits="6" number="206" branch="false"/>
							</lines>
						</method>
						<method name="get_debug_verbosity" signature="" line-rate="1.0" branch-rate="1.0">
							<lines>
								<line hits="6" number="221" branch="false"/>
							</lines>
						</method>
						<method name="stderr_debug_is_enabled" signature="" line-rate="1.0" branch-rate="1.0">
							<lines>
								<line hits="33" number="227" branch="false"/>
							</lines>
						</method>
						<method name="validate_redis_reply" signature="" line-rate="1.0" branch-rate="1.0">
							<lines>
								<line hits="19" number="234" branch="false"/>
							</lines>
						</method>
						<method name="redis_command" signature="" line-rate="1.0" branch-rate="1.0">
							<lines>
								<line hits="17" number="270" branch="false"/>
							</lines>
						</method>
						<method name="redis_command_from_list" signature="" line-rate="1.0" branch-rate="1.0">
							<lines>
								<line hits="2" number="300" branch="false"/>
							</lines>
						</method>
						<method name="json_add_common_fields" signature="" line-rate="1.0" branch-rate="1.0">
							<lines>
								<line hits="10" number="328" branch="false"/>
							</lines>
						</method>
						<method name="redis_ipc_send_command_blocking" signature="" line-rate="1.0" branch-rate="1.0">
							<lines>
								<line hits="1" number="416" branch="false"/>
							</lines>
						</method>
						<method name="redis_ipc_receive_command_blocking" signature="" line-rate="0.0" branch-rate="0.0">
							<lines>
								<line hits="0" number="506" branch="false"/>
							</lines>
						</method>
						<method name="redis_ipc_send_result" signature="" line-rate="0.0" branch-rate="0.0">
							<lines>
								<line hits="0" number="540" branch="false"/>
							</lines>
						</method>
						<method name="get_field_count" signature="" line-rate="1.0" branch-rate="1.0">
							<lines>
								<line hits="2" number="579" branch="false"/>
							</lines>
						</method>
						<method name="redis_write_hash" signature="" line-rate="1.0" branch-rate="1.0">
							<lines>
								<line hits="2" number="591" branch="false"/>
							</lines>
						</method>
						<method name="redis_ipc_write_setting" signature="" line-rate="1.0" branch-rate="1.0">
							<lines>
								<line hits="2" number="636" branch="false"/>
							</lines>
						</method>
						<method name="redis_ipc_write_status" signature="" line-rate="1.0" branch-rate="1.0">
							<lines>
								<line hits="1" number="664" branch="false"/>
							</lines>
						</method>
						<method name="redis_write_hash_field" signature="" line-rate="1.0" branch-rate="1.0">
							<lines>
								<line hits="1" number="689" branch="false"/>
							</lines>
						</method>
						<method name="redis_ipc_write_setting_field" signature="" line-rate="1.0" branch-rate="1.0">
							<lines>
								<line hits="2" number="707" branch="false"/>
							</lines>
						</method>
						<method name="redis_ipc_write_status_field" signature="" line-rate="0.0" branch-rate="0.0">
							<lines>
								<line hits="0" number="735" branch="false"/>
							</lines>
						</method>
						<method name="redis_read_hash" signature="" line-rate="1.0" branch-rate="1.0">
							<lines>
								<line hits="3" number="759" branch="false"/>
							</lines>
						</method>
						<method name="redis_ipc_read_setting" signature="" line-rate="1.0" branch-rate="1.0">
							<lines>
								<line hits="2" number="801" branch="false"/>
							</lines>
						</method>
						<method name="redis_ipc_read_status" signature="" line-rate="1.0" branch-rate="1.0">
							<lines>
								<line hits="1" number="826" branch="false"/>
							</lines>
						</method>
						<method name="redis_read_hash_field" signature="" line-rate="1.0" branch-rate="1.0">
							<lines>
								<line hits="2" number="851" branch="false"/>
							</lines>
						</method>
						<method name="redis_ipc_read_setting_field" signature="" line-rate="1.0" branch-rate="1.0">
							<lines>
								<line hits="2" number="884" branch="false"/>
							</lines>
						</method>
						<method name="redis_ipc_read_status_field" signature="" line-rate="0.0" branch-rate="0.0">
							<lines>
								<line hits="0" number="909" branch="false"/>
							</lines>
						</method>
						<method name="redis_ipc_send_event" signature="" line-rate="1.0" branch-rate="1.0">
							<lines>
								<line hits="3" number="962" branch="false"/>
							</lines>
						</method>
						<method name="format_debug_msg" signature="" line-rate="1.0" branch-rate="1.0">
							<lines>
								<line hits="6" number="987" branch="false"/>
							</lines>
						</method>
						<method name="redis_ipc_send_debug" signature="" line-rate="1.0" branch-rate="1.0">
							<lines>
								<line hits="6" number="1016" branch="false"/>
							</lines>
						</method>
						<method name="redis_ipc_subscribe_events" signature="" line-rate="0.0" branch-rate="0.0">
							<lines>
								<line hits="0" number="1087" branch="false"/>
							</lines>
						</method>
						<method name="redis_ipc_subscribe_debug" signature="" line-rate="0.0" branch-rate="0.0">
							<lines>
								<line hits="0" number="1134" branch="false"/>
							</lines>
						</method>
						<method name="redis_ipc_unsubscribe_events" signature="" line-rate="0.0" branch-rate="0.0">
							<lines>
								<line hits="0" number="1187" branch="false"/>
							</lines>
						</method>
						<method name="redis_ipc_unsubscribe_debug" signature="" line-rate="0.0" branch-rate="0.0">
							<lines>
								<line hits="0" number="1210" branch="false"/>
							</lines>
						</method>
						<method name="redis_ipc_get_message_blocking" signature="" line-rate="0.0" branch-rate="0.0">
							<lines>
								<line hits="0" number="1234" branch="false"/>
							</lines>
						</method>
						<method name="redis_ipc.c:ipc_path" signature="" line-rate="1.0" branch-rate="1.0">
							<lines>
								<line hits="25" number="93" branch="false"/>
							</lines>
						</method>
						<method name="redis_ipc.c:redis_push" signature="" line-rate="1.0" branch-rate="1.0">
							<lines>
								<line hits="1" number="352" branch="false"/>
							</lines>
						</method>
						<method name="redis_ipc.c:redis_pop" signature="" line-rate="1.0" branch-rate="1.0">
							<lines>
								<line hits="1" number="375" branch="false"/>
							</lines>
						</method>
						<method name="redis_ipc.c:component_can_write_settings" signature="" line-rate="1.0" branch-rate="1.0">
							<lines>
								<line hits="4" number="631" branch="false"/>
							</lines>
						</method>
						<method name="redis_ipc.c:redis_publish" signature="" line-rate="1.0" branch-rate="1.0">
							<lines>
								<line hits="9" number="934" branch="false"/>
							</lines>
						</method>
						<method name="redis_ipc.c:redis_subscribe" signature="" line-rate="0.0" branch-rate="0.0">
							<lines>
								<line hits="0" number="1067" branch="false"/>
							</lines>
						</method>
						<method name="redis_ipc.c:redis_unsubscribe" signature="" line-rate="0.0" branch-rate="0.0">
							<lines>
								<line hits="0" number="1169" branch="false"/>
							</lines>
						</method>
					</methods>
					<lines>
						<line branch="false" hits="20" number="21"/>
						<line branch="false" hits="68" number="46"/>
						<line branch="false" hits="68" number="47"/>
						<line branch="true" hits="68" number="49" condition-coverage="50% (2/4)"/>
						<line branch="false" hits="68" number="50"/>
						<line branch="false" hits="68" number="51"/>
						<line branch="false" hits="68" number="52"/>
						<line branch="false" hits="0" number="54"/>
						<line branch="false" hits="0" number="55"/>
						<line branch="false" hits="25" number="93"/>
						<line branch="false" hits="25" number="94"/>
						<line branch="false" hits="25" number="95"/>
						<line branch="true" hits="25" number="97" condition-coverage="100% (2/2)"/>
						<line branch="false" hits="25" number="98"/>
						<line branch="false" hits="10" number="99"/>
						<line branch="false" hits="10" number="100"/>
						<line branch="false" hits="15" number="101"/>
						<line branch="false" hits="15" number="102"/>
						<line branch="false" hits="15" number="103"/>
						<line branch="false" hits="15" number="104"/>
						<line branch="false" hits="15" number="105"/>
						<line branch="false" hits="25" number="107"/>
						<line branch="false" hits="25" number="108"/>
						<line branch="true" hits="6" number="109" condition-coverage="100% (2/2)"/>
						<line branch="true" hits="8" number="110" condition-coverage="100% (2/2)"/>
						<line branch="true" hits="9" number="111" condition-coverage="100% (2/2)"/>
						<line branch="true" hits="16" number="112" condition-coverage="100% (2/2)"/>
						<line branch="true" hits="19" number="113" condition-coverage="100% (2/2)"/>
						<line branch="true" hits="25" number="114" condition-coverage="100% (2/2)"/>
						<line branch="false" hits="25" number="117"/>
						<line branch="false" hits="25" number="118"/>
						<line branch="false" hits="25" number="119"/>
						<line branch="false" hits="25" number="120"/>
						<line branch="false" hits="25" number="121"/>
						<line branch="true" hits="19" number="122" condition-coverage="50% (1/2)"/>
						<line branch="false" hits="0" number="124"/>
						<line branch="false" hits="25" number="125"/>
						<line branch="true" hits="25" number="128" condition-coverage="50% (2/4)"/>
						<line branch="false" hits="25" number="129"/>
						<line branch="false" hits="25" number="130"/>
						<line branch="false" hits="25" number="131"/>
						<line branch="false" hits="25" number="133"/>
						<line branch="false" hits="25" number="134"/>
						<line branch="false" hits="6" number="137"/>
						<line branch="true" hits="6" number="138" condition-coverage="50% (1/2)"/>
						<line branch="true" hits="6" number="139" condition-coverage="50% (1/2)"/>
						<line branch="true" hits="6" number="140" condition-coverage="50% (1/2)"/>
						<line branch="true" hits="6" number="141" condition-coverage="50% (1/2)"/>
						<line branch="false" hits="6" number="142"/>
						<line branch="false" hits="6" number="144"/>
						<line branch="false" hits="6" number="145"/>
						<line branch="false" hits="6" number="146"/>
						<line branch="false" hits="6" number="150"/>
						<line branch="false" hits="6" number="151"/>
						<line branch="false" hits="6" number="152"/>
						<line branch="false" hits="6" number="153"/>
						<line branch="false" hits="6" number="155"/>
						<line branch="true" hits="6" number="157" condition-coverage="50% (1/2)"/>
						<line branch="false" hits="6" number="158"/>
						<line branch="false" hits="6" number="162"/>
						<line branch="false" hits="6" number="163"/>
						<line branch="true" hits="6" number="164" condition-coverage="50% (2/4)"/>
						<line branch="false" hits="6" number="165"/>
						<line branch="false" hits="6" number="168"/>
						<line branch="false" hits="6" number="171"/>
						<line branch="true" hits="6" number="172" condition-coverage="50% (1/2)"/>
						<line branch="false" hits="6" number="173"/>
						<line branch="false" hits="6" number="176"/>
						<line branch="true" hits="6" number="177" condition-coverage="50% (2/4)"/>
						<line branch="false" hits="0" number="178"/>
						<line branch="false" hits="6" number="181"/>
						<line branch="false" hits="6" number="182"/>
						<line branch="false" hits="6" number="183"/>
						<line branch="true" hits="6" number="184" condition-coverage="50% (1/2)"/>
						<line branch="false" hits="6" number="185"/>
						<line branch="false" hits="6" number="186"/>
						<line branch="true" hits="6" number="187" condition-coverage="50% (1/2)"/>
						<line branch="false" hits="6" number="188"/>
						<line branch="false" hits="6" number="190"/>
						<line branch="false" hits="6" number="192"/>
						<line branch="false" hits="6" number="194"/>
						<line branch="true" hits="0" number="195" condition-coverage="0% (0/2)"/>
						<line branch="false" hits="0" number="196"/>
						<line branch="false" hits="0" number="197"/>
						<line branch="false" hits="0" number="198"/>
						<line branch="false" hits="0" number="199"/>
						<line branch="true" hits="0" number="200" condition-coverage="0% (0/2)"/>
						<line branch="false" hits="0" number="202"/>
						<line branch="false" hits="6" number="203"/>
						<line branch="false" hits="6" number="206"/>
						<line branch="false" hits="6" number="207"/>
						<line branch="false" hits="6" number="208"/>
						<line branch="true" hits="6" number="210" condition-coverage="50% (2/4)"/>
						<line branch="false" hits="6" number="211"/>
						<line branch="false" hits="6" number="212"/>
						<line branch="false" hits="6" number="213"/>
						<line branch="false" hits="6" number="214"/>
						<line branch="false" hits="6" number="216"/>
						<line branch="false" hits="6" number="217"/>
						<line branch="false" hits="6" number="221"/>
						<line branch="false" hits="6" number="222"/>
						<line branch="false" hits="6" number="223"/>
						<line branch="false" hits="33" number="227"/>
						<line branch="false" hits="33" number="228"/>
						<line branch="false" hits="33" number="229"/>
						<line branch="false" hits="19" number="234"/>
						<line branch="false" hits="19" number="235"/>
						<line branch="false" hits="19" number="236"/>
						<line branch="true" hits="19" number="239" condition-coverage="50% (1/2)"/>
						<line branch="false" hits="19" number="240"/>
						<line branch="true" hits="0" number="242" condition-coverage="0% (0/2)"/>
						<line branch="false" hits="0" number="243"/>
						<line branch="false" hits="0" number="245"/>
						<line branch="false" hits="0" number="246"/>
						<line branch="false" hits="0" number="247"/>
						<line branch="false" hits="0" number="248"/>
						<line branch="false" hits="0" number="249"/>
						<line branch="false" hits="0" number="250"/>
						<line branch="true" hits="19" number="252" condition-coverage="50% (1/2)"/>
						<line branch="false" hits="19" number="253"/>
						<line branch="true" hits="0" number="254" condition-coverage="0% (0/2)"/>
						<line branch="false" hits="0" number="255"/>
						<line branch="false" hits="0" number="256"/>
						<line branch="false" hits="0" number="257"/>
						<line branch="false" hits="0" number="258"/>
						<line branch="false" hits="0" number="259"/>
						<line branch="false" hits="0" number="260"/>
						<line branch="false" hits="19" number="262"/>
						<line branch="false" hits="19" number="263"/>
						<line branch="false" hits="17" number="270"/>
						<line branch="false" hits="17" number="271"/>
						<line branch="false" hits="17" number="272"/>
						<line branch="false" hits="17" number="273"/>
						<line branch="true" hits="17" number="275" condition-coverage="50% (1/2)"/>
						<line branch="false" hits="17" number="276"/>
						<line branch="false" hits="17" number="277"/>
						<line branch="false" hits="17" number="278"/>
						<line branch="false" hits="17" number="279"/>
						<line branch="false" hits="17" number="280"/>
						<line branch="false" hits="17" number="281"/>
						<line branch="false" hits="17" number="283"/>
						<line branch="false" hits="17" number="285"/>
						<line branch="false" hits="17" number="286"/>
						<line branch="false" hits="17" number="290"/>
						<line branch="false" hits="17" number="292"/>
						<line branch="false" hits="17" number="293"/>
						<line branch="false" hits="2" number="300"/>
						<line branch="false" hits="2" number="301"/>
						<line branch="false" hits="2" number="302"/>
						<line branch="false" hits="2" number="303"/>
						<line branch="true" hits="2" number="305" condition-coverage="50% (1/2)"/>
						<line branch="false" hits="2" number="306"/>
						<line branch="true" hits="14" number="307" condition-coverage="100% (2/2)"/>
						<line branch="false" hits="12" number="308"/>
						<line branch="false" hits="12" number="309"/>
						<line branch="false" hits="12" number="310"/>
						<line branch="false" hits="2" number="311"/>
						<line branch="false" hits="2" number="312"/>
						<line branch="false" hits="2" number="315"/>
						<line branch="false" hits="2" number="319"/>
						<line branch="false" hits="2" number="321"/>
						<line branch="false" hits="2" number="322"/>
						<line branch="false" hits="10" number="328"/>
						<line branch="false" hits="10" number="329"/>
						<line branch="false" hits="10" number="330"/>
						<line branch="false" hits="10" number="331"/>
						<line branch="false" hits="10" number="334"/>
						<line branch="false" hits="10" number="335"/>
						<line branch="false" hits="10" number="336"/>
						<line branch="false" hits="10" number="337"/>
						<line branch="false" hits="10" number="338"/>
						<line branch="false" hits="10" number="340"/>
						<line branch="false" hits="10" number="341"/>
						<line branch="false" hits="10" number="343"/>
						<line branch="false" hits="10" number="344"/>
						<line branch="false" hits="10" number="345"/>
						<line branch="false" hits="10" number="346"/>
						<line branch="false" hits="10" number="347"/>
						<line branch="false" hits="10" number="348"/>
						<line branch="false" hits="1" number="352"/>
						<line branch="false" hits="1" number="353"/>
						<line branch="false" hits="1" number="354"/>
						<line branch="false" hits="1" number="355"/>
						<line branch="false" hits="1" number="358"/>
						<line branch="false" hits="1" number="360"/>
						<line branch="false" hits="1" number="363"/>
						<line branch="true" hits="1" number="365" condition-coverage="50% (1/2)"/>
						<line branch="false" hits="1" number="366"/>
						<line branch="false" hits="1" number="367"/>
						<line branch="false" hits="1" number="368"/>
						<line branch="false" hits="1" number="369"/>
						<line branch="false" hits="1" number="371"/>
						<line branch="false" hits="1" number="372"/>
						<line branch="false" hits="1" number="375"/>
						<line branch="false" hits="1" number="376"/>
						<line branch="false" hits="1" number="377"/>
						<line branch="false" hits="1" number="378"/>
						<line branch="false" hits="1" number="381"/>
						<line branch="true" hits="1" number="382" condition-coverage="50% (1/2)"/>
						<line branch="false" hits="1" number="383"/>
						<line branch="true" hits="1" number="390" condition-coverage="50% (1/2)"/>
						<line branch="false" hits="1" number="391"/>
						<line branch="true" hits="1" number="392" condition-coverage="50% (1/2)"/>
						<line branch="false" hits="1" number="393"/>
						<line branch="false" hits="1" number="395"/>
						<line branch="true" hits="1" number="397" condition-coverage="50% (1/2)"/>
						<line branch="false" hits="1" number="398"/>
						<line branch="false" hits="1" number="399"/>
						<line branch="false" hits="1" number="400"/>
						<line branch="false" hits="1" number="403"/>
						<line branch="false" hits="1" number="405"/>
						<line branch="true" hits="1" number="406" condition-coverage="50% (1/2)"/>
						<line branch="false" hits="1" number="407"/>
						<line branch="false" hits="1" number="409"/>
						<line branch="false" hits="1" number="410"/>
						<line branch="false" hits="1" number="416"/>
						<line branch="false" hits="1" number="417"/>
						<line branch="false" hits="1" number="418"/>
						<line branch="false" hits="1" number="419"/>
						<line branch="false" hits="1" number="420"/>
						<line branch="false" hits="1" number="421"/>
						<line branch="false" hits="1" number="422"/>
						<line branch="false" hits="1" number="423"/>
						<line branch="true" hits="1" number="426" condition-coverage="50% (1/2)"/>
						<line branch="false" hits="1" number="427"/>
						<line branch="false" hits="1" number="430"/>
						<line branch="false" hits="1" number="431"/>
						<line branch="true" hits="1" number="432" condition-coverage="50% (1/2)"/>
						<line branch="false" hits="1" number="433"/>
						<line branch="false" hits="1" number="436"/>
						<line branch="false" hits="1" number="437"/>
						<line branch="true" hits="1" number="438" condition-coverage="50% (1/2)"/>
						<line branch="false" hits="1" number="439"/>
						<line branch="false" hits="1" number="442"/>
						<line branch="false" hits="1" number="443"/>
						<line branch="false" hits="1" number="444"/>
						<line branch="false" hits="1" number="447"/>
						<line branch="false" hits="1" number="448"/>
						<line branch="false" hits="1" number="449"/>
						<line branch="false" hits="1" number="450"/>
						<line branch="false" hits="1" number="453"/>
						<line branch="true" hits="1" number="454" condition-coverage="50% (1/2)"/>
						<line branch="false" hits="1" number="455"/>
						<line branch="true" hits="2" number="458" condition-coverage="100% (2/2)"/>
						<line branch="false" hits="1" number="459"/>
						<line branch="false" hits="1" number="461"/>
						<line branch="true" hits="1" number="462" condition-coverage="50% (2/4)"/>
						<line branch="false" hits="0" number="463"/>
						<line branch="false" hits="0" number="465"/>
						<line branch="false" hits="0" number="466"/>
						<line branch="false" hits="0" number="467"/>
						<line branch="false" hits="0" number="468"/>
						<line branch="false" hits="0" number="469"/>
						<line branch="true" hits="1" number="470" condition-coverage="50% (1/2)"/>
						<line branch="false" hits="1" number="471"/>
						<line branch="false" hits="1" number="474"/>
						<line branch="true" hits="1" number="475" condition-coverage="50% (1/2)"/>
						<line branch="false" hits="1" number="476"/>
						<line branch="false" hits="1" number="477"/>
						<line branch="true" hits="1" number="478" condition-coverage="50% (1/2)"/>
						<line branch="false" hits="1" number="479"/>
						<line branch="true" hits="1" number="482" condition-coverage="50% (1/2)"/>
						<line branch="false" hits="1" number="483"/>
						<line branch="false" hits="1" number="484"/>
						<line branch="false" hits="1" number="485"/>
						<line branch="false" hits="0" number="486"/>
						<line branch="false" hits="0" number="487"/>
						<line branch="false" hits="0" number="488"/>
						<line branch="false" hits="0" number="489"/>
						<line branch="false" hits="0" number="490"/>
						<line branch="false" hits="0" number="491"/>
						<line branch="false" hits="1" number="492"/>
						<line branch="false" hits="1" number="494"/>
						<line branch="true" hits="1" number="495" condition-coverage="50% (2/4)"/>
						<line branch="false" hits="0" number="496"/>
						<line branch="false" hits="0" number="497"/>
						<line branch="false" hits="0" number="498"/>
						<line branch="false" hits="0" number="499"/>
						<line branch="false" hits="1" number="501"/>
						<line branch="false" hits="1" number="502"/>
						<line branch="false" hits="0" number="506"/>
						<line branch="false" hits="0" number="507"/>
						<line branch="false" hits="0" number="508"/>
						<line branch="false" hits="0" number="509"/>
						<line branch="false" hits="0" number="510"/>
						<line branch="true" hits="0" number="513" condition-coverage="0% (0/2)"/>
						<line branch="false" hits="0" number="514"/>
						<line branch="false" hits="0" number="517"/>
						<line branch="false" hits="0" number="518"/>
						<line branch="true" hits="0" number="519" condition-coverage="0% (0/2)"/>
						<line branch="false" hits="0" number="520"/>
						<line branch="false" hits="0" number="523"/>
						<line branch="true" hits="0" number="524" condition-coverage="0% (0/4)"/>
						<line branch="false" hits="0" number="525"/>
						<line branch="false" hits="0" number="527"/>
						<line branch="false" hits="0" number="528"/>
						<line branch="false" hits="0" number="529"/>
						<line branch="false" hits="0" number="530"/>
						<line branch="false" hits="0" number="531"/>
						<line branch="false" hits="0" number="532"/>
						<line branch="false" hits="0" number="534"/>
						<line branch="false" hits="0" number="536"/>
						<line branch="false" hits="0" number="537"/>
						<line branch="false" hits="0" number="540"/>
						<line branch="false" hits="0" number="541"/>
						<line branch="false" hits="0" number="542"/>
						<line branch="false" hits="0" number="543"/>
						<line branch="false" hits="0" number="544"/>
						<line branch="true" hits="0" number="547" condition-coverage="0% (0/2)"/>
						<line branch="false" hits="0" number="548"/>
						<line branch="false" hits="0" number="551"/>
						<line branch="true" hits="0" number="552" condition-coverage="0% (0/2)"/>
						<line branch="false" hits="0" number="553"/>
						<line branch="false" hits="0" number="554"/>
						<line branch="false" hits="0" number="557"/>
						<line branch="true" hits="0" number="558" condition-coverage="0% (0/2)"/>
						<line branch="false" hits="0" number="559"/>
						<line branch="false" hits="0" number="560"/>
						<line branch="false" hits="0" number="563"/>
						<line branch="false" hits="0" number="564"/>
						<line branch="false" hits="0" number="567"/>
						<line branch="false" hits="0" number="569"/>
						<line branch="true" hits="0" number="570" condition-coverage="0% (0/2)"/>
						<line branch="false" hits="0" number="571"/>
						<line branch="false" hits="0" number="572"/>
						<line branch="false" hits="0" number="573"/>
						<line branch="false" hits="0" number="575"/>
						<line branch="false" hits="0" number="576"/>
						<line branch="false" hits="2" number="579"/>
						<line branch="false" hits="2" number="580"/>
						<line branch="false" hits="2" number="582"/>
						<line branch="false" hits="4" number="583"/>
						<line branch="false" hits="4" number="584"/>
						<line branch="false" hits="4" number="585"/>
						<line branch="false" hits="2" number="587"/>
						<line branch="false" hits="2" number="588"/>
						<line branch="false" hits="2" number="591"/>
						<line branch="false" hits="2" number="592"/>
						<line branch="false" hits="2" number="593"/>
						<line branch="false" hits="2" number="594"/>
						<line branch="false" hits="2" number="595"/>
						<line branch="false" hits="2" number="598"/>
						<line branch="false" hits="2" number="601"/>
						<line branch="false" hits="2" number="602"/>
						<line branch="false" hits="2" number="603"/>
						<line branch="false" hits="2" number="604"/>
						<line branch="false" hits="2" number="605"/>
						<line branch="false" hits="2" number="606"/>
						<line branch="false" hits="4" number="607"/>
						<line branch="false" hits="4" number="609"/>
						<line branch="false" hits="4" number="610"/>
						<line branch="false" hits="4" number="612"/>
						<line branch="false" hits="4" number="613"/>
						<line branch="false" hits="4" number="614"/>
						<line branch="false" hits="2" number="617"/>
						<line branch="true" hits="2" number="619" condition-coverage="50% (1/2)"/>
						<line branch="false" hits="2" number="620"/>
						<line branch="false" hits="2" number="621"/>
						<line branch="false" hits="2" number="622"/>
						<line branch="false" hits="2" number="623"/>
						<line branch="true" hits="2" number="624" condition-coverage="50% (1/2)"/>
						<line branch="false" hits="2" number="626"/>
						<line branch="false" hits="2" number="627"/>
						<line branch="false" hits="4" number="631"/>
						<line branch="false" hits="4" number="632"/>
						<line branch="false" hits="4" number="633"/>
						<line branch="false" hits="2" number="636"/>
						<line branch="false" hits="2" number="637"/>
						<line branch="false" hits="2" number="638"/>
						<line branch="false" hits="2" number="639"/>
						<line branch="true" hits="2" number="642" condition-coverage="50% (1/2)"/>
						<line branch="false" hits="2" number="643"/>
						<line branch="true" hits="2" number="646" condition-coverage="100% (2/2)"/>
						<line branch="false" hits="1" number="647"/>
						<line branch="false" hits="1" number="650"/>
						<line branch="false" hits="1" number="651"/>
						<line branch="true" hits="1" number="652" condition-coverage="50% (1/2)"/>
						<line branch="false" hits="1" number="653"/>
						<line branch="false" hits="1" number="656"/>
						<line branch="false" hits="2" number="658"/>
						<line branch="false" hits="2" number="660"/>
						<line branch="false" hits="1" number="661"/>
						<line branch="false" hits="1" number="664"/>
						<line branch="false" hits="1" number="665"/>
						<line branch="false" hits="1" number="666"/>
						<line branch="false" hits="1" number="667"/>
						<line branch="true" hits="1" number="670" condition-coverage="50% (1/2)"/>
						<line branch="false" hits="1" number="671"/>
						<line branch="false" hits="1" number="674"/>
						<line branch="false" hits="1" number="675"/>
						<line branch="true" hits="1" number="676" condition-coverage="50% (1/2)"/>
						<line branch="false" hits="1" number="677"/>
						<line branch="false" hits="1" number="680"/>
						<line branch="false" hits="1" number="682"/>
						<line branch="false" hits="1" number="684"/>
						<line branch="false" hits="1" number="685"/>
						<line branch="false" hits="1" number="689"/>
						<line branch="false" hits="1" number="690"/>
						<line branch="false" hits="1" number="691"/>
						<line branch="false" hits="1" number="694"/>
						<line branch="true" hits="1" number="696" condition-coverage="50% (1/2)"/>
						<line branch="false" hits="1" number="697"/>
						<line branch="false" hits="1" number="698"/>
						<line branch="false" hits="1" number="699"/>
						<line branch="false" hits="1" number="700"/>
						<line branch="false" hits="1" number="702"/>
						<line branch="false" hits="1" number="703"/>
						<line branch="false" hits="2" number="707"/>
						<line branch="false" hits="2" number="708"/>
						<line branch="false" hits="2" number="709"/>
						<line branch="false" hits="2" number="710"/>
						<line branch="true" hits="2" number="713" condition-coverage="50% (1/2)"/>
						<line branch="false" hits="2" number="714"/>
						<line branch="true" hits="2" number="717" condition-coverage="100% (2/2)"/>
						<line branch="false" hits="1" number="718"/>
						<line branch="false" hits="1" number="721"/>
						<line branch="false" hits="1" number="722"/>
						<line branch="true" hits="1" number="723" condition-coverage="50% (1/2)"/>
						<line branch="false" hits="1" number="724"/>
						<line branch="false" hits="1" number="727"/>
						<line branch="false" hits="2" number="729"/>
						<line branch="false" hits="2" number="731"/>
						<line branch="false" hits="1" number="732"/>
						<line branch="false" hits="0" number="735"/>
						<line branch="false" hits="0" number="736"/>
						<line branch="false" hits="0" number="737"/>
						<line branch="false" hits="0" number="738"/>
						<line branch="true" hits="0" number="741" condition-coverage="0% (0/2)"/>
						<line branch="false" hits="0" number="742"/>
						<line branch="false" hits="0" number="745"/>
						<line branch="false" hits="0" number="746"/>
						<line branch="true" hits="0" number="747" condition-coverage="0% (0/2)"/>
						<line branch="false" hits="0" number="748"/>
						<line branch="false" hits="0" number="751"/>
						<line branch="false" hits="0" number="753"/>
						<line branch="false" hits="0" number="755"/>
						<line branch="false" hits="0" number="756"/>
						<line branch="false" hits="3" number="759"/>
						<line branch="false" hits="3" number="760"/>
						<line branch="false" hits="3" number="761"/>
						<line branch="false" hits="3" number="762"/>
						<line branch="false" hits="3" number="763"/>
						<line branch="false" hits="3" number="766"/>
						<line branch="false" hits="3" number="772"/>
						<line branch="true" hits="3" number="773" condition-coverage="50% (1/2)"/>
						<line branch="false" hits="3" number="774"/>
						<line branch="true" hits="3" number="775" condition-coverage="50% (1/2)"/>
						<line branch="false" hits="3" number="776"/>
						<line branch="true" hits="3" number="777" condition-coverage="50% (1/2)"/>
						<line branch="false" hits="3" number="778"/>
						<line branch="true" hits="3" number="779" condition-coverage="50% (1/2)"/>
						<line branch="false" hits="0" number="780"/>
						<line branch="true" hits="3" number="782" condition-coverage="50% (1/2)"/>
						<line branch="true" hits="8" number="783" condition-coverage="100% (2/2)"/>
						<line branch="false" hits="5" number="784"/>
						<line branch="false" hits="5" number="785"/>
						<line branch="false" hits="5" number="786"/>
						<line branch="false" hits="5" number="787"/>
						<line branch="true" hits="5" number="789" condition-coverage="50% (1/2)"/>
						<line branch="false" hits="5" number="790"/>
						<line branch="true" hits="3" number="791" condition-coverage="50% (1/2)"/>
						<line branch="false" hits="3" number="793"/>
						<line branch="true" hits="3" number="794" condition-coverage="50% (1/2)"/>
						<line branch="false" hits="3" number="795"/>
						<line branch="false" hits="3" number="797"/>
						<line branch="false" hits="3" number="798"/>
						<line branch="false" hits="2" number="801"/>
						<line branch="false" hits="2" number="802"/>
						<line branch="false" hits="2" number="803"/>
						<line branch="false" hits="2" number="804"/>
						<line branch="false" hits="2" number="805"/>
						<line branch="true" hits="2" number="808" condition-coverage="50% (1/2)"/>
						<line branch="false" hits="2" number="809"/>
						<line branch="false" hits="2" number="812"/>
						<line branch="false" hits="2" number="813"/>
						<line branch="true" hits="2" number="814" condition-coverage="50% (1/2)"/>
						<line branch="false" hits="2" number="815"/>
						<line branch="false" hits="2" number="818"/>
						<line branch="false" hits="2" number="820"/>
						<line branch="false" hits="2" number="822"/>
						<line branch="false" hits="2" number="823"/>
						<line branch="false" hits="1" number="826"/>
						<line branch="false" hits="1" number="827"/>
						<line branch="false" hits="1" number="828"/>
						<line branch="false" hits="1" number="829"/>
						<line branch="false" hits="1" number="830"/>
						<line branch="true" hits="1" number="833" condition-coverage="50% (1/2)"/>
						<line branch="false" hits="1" number="834"/>
						<line branch="false" hits="1" number="837"/>
						<line branch="false" hits="1" number="838"/>
						<line branch="true" hits="1" number="839" condition-coverage="50% (1/2)"/>
						<line branch="false" hits="1" number="840"/>
						<line branch="false" hits="1" number="843"/>
						<line branch="false" hits="1" number="845"/>
						<line branch="false" hits="1" number="847"/>
						<line branch="false" hits="1" number="848"/>
						<line branch="false" hits="2" number="851"/>
						<line branch="false" hits="2" number="852"/>
						<line branch="false" hits="2" number="853"/>
						<line branch="false" hits="2" number="856"/>
						<line branch="true" hits="2" number="861" condition-coverage="50% (1/2)"/>
						<line branch="false" hits="2" number="862"/>
						<line branch="true" hits="0" number="863" condition-coverage="0% (0/2)"/>
						<line branch="false" hits="0" number="864"/>
						<line branch="false" hits="0" number="865"/>
						<line branch="true" hits="2" number="866" condition-coverage="100% (2/2)"/>
						<line branch="false" hits="2" number="867"/>
						<line branch="true" hits="1" number="868" condition-coverage="50% (1/2)"/>
						<line branch="false" hits="1" number="869"/>
						<line branch="false" hits="1" number="870"/>
						<line branch="false" hits="1" number="871"/>
						<line branch="false" hits="1" number="872"/>
						<line branch="true" hits="1" number="873" condition-coverage="50% (1/2)"/>
						<line branch="false" hits="1" number="874"/>
						<line branch="false" hits="2" number="876"/>
						<line branch="true" hits="2" number="877" condition-coverage="50% (1/2)"/>
						<line branch="false" hits="2" number="878"/>
						<line branch="false" hits="2" number="880"/>
						<line branch="false" hits="1" number="881"/>
						<line branch="false" hits="2" number="884"/>
						<line branch="false" hits="2" number="885"/>
						<line branch="false" hits="2" number="886"/>
						<line branch="false" hits="2" number="887"/>
						<line branch="false" hits="2" number="888"/>
						<line branch="true" hits="2" number="891" condition-coverage="50% (1/2)"/>
						<line branch="false" hits="2" number="892"/>
						<line branch="false" hits="2" number="895"/>
						<line branch="false" hits="2" number="896"/>
						<line branch="true" hits="2" number="897" condition-coverage="50% (1/2)"/>
						<line branch="false" hits="2" number="898"/>
						<line branch="false" hits="2" number="901"/>
						<line branch="false" hits="2" number="903"/>
						<line branch="false" hits="2" number="905"/>
						<line branch="false" hits="2" number="906"/>
						<line branch="false" hits="0" number="909"/>
						<line branch="false" hits="0" number="910"/>
						<line branch="false" hits="0" number="911"/>
						<line branch="false" hits="0" number="912"/>
						<line branch="false" hits="0" number="913"/>
						<line branch="true" hits="0" number="916" condition-coverage="0% (0/2)"/>
						<line branch="false" hits="0" number="917"/>
						<line branch="false" hits="0" number="920"/>
						<line branch="false" hits="0" number="921"/>
						<line branch="true" hits="0" number="922" condition-coverage="0% (0/2)"/>
						<line branch="false" hits="0" number="923"/>
						<line branch="false" hits="0" number="926"/>
						<line branch="false" hits="0" number="928"/>
						<line branch="false" hits="0" number="930"/>
						<line branch="false" hits="0" number="931"/>
						<line branch="false" hits="9" number="934"/>
						<line branch="false" hits="9" number="935"/>
						<line branch="false" hits="9" number="936"/>
						<line branch="false" hits="9" number="937"/>
						<line branch="false" hits="9" number="940"/>
						<line branch="false" hits="9" number="941"/>
						<line branch="false" hits="9" number="944"/>
						<line branch="false" hits="9" number="946"/>
						<line branch="false" hits="9" number="949"/>
						<line branch="true" hits="9" number="951" condition-coverage="50% (1/2)"/>
						<line branch="false" hits="9" number="952"/>
						<line branch="false" hits="9" number="953"/>
						<line branch="false" hits="9" number="954"/>
						<line branch="false" hits="9" number="955"/>
						<line branch="false" hits="9" number="957"/>
						<line branch="false" hits="9" number="958"/>
						<line branch="false" hits="3" number="962"/>
						<line branch="false" hits="3" number="963"/>
						<line branch="false" hits="3" number="964"/>
						<line branch="false" hits="3" number="965"/>
						<line branch="true" hits="3" number="968" condition-coverage="50% (1/2)"/>
						<line branch="false" hits="3" number="969"/>
						<line branch="false" hits="3" number="972"/>
						<line branch="false" hits="3" number="973"/>
						<line branch="true" hits="3" number="974" condition-coverage="50% (1/2)"/>
						<line branch="false" hits="3" number="975"/>
						<line branch="false" hits="3" number="978"/>
						<line branch="false" hits="3" number="980"/>
						<line branch="false" hits="3" number="982"/>
						<line branch="false" hits="3" number="983"/>
						<line branch="false" hits="6" number="987"/>
						<line branch="false" hits="6" number="988"/>
						<line branch="false" hits="6" number="989"/>
						<line branch="false" hits="6" number="990"/>
						<line branch="false" hits="6" number="991"/>
						<line branch="false" hits="6" number="992"/>
						<line branch="true" hits="6" number="995" condition-coverage="50% (1/2)"/>
						<line branch="false" hits="6" number="997"/>
						<line branch="true" hits="6" number="1000" condition-coverage="50% (1/2)"/>
						<line branch="false" hits="0" number="1001"/>
						<line branch="false" hits="0" number="1003"/>
						<line branch="false" hits="0" number="1004"/>
						<line branch="true" hits="6" number="1006" condition-coverage="50% (1/2)"/>
						<line branch="false" hits="6" number="1007"/>
						<line branch="false" hits="6" number="1008"/>
						<line branch="false" hits="6" number="1009"/>
						<line branch="false" hits="6" number="1011"/>
						<line branch="false" hits="6" number="1012"/>
						<line branch="false" hits="6" number="1016"/>
						<line branch="false" hits="6" number="1017"/>
						<line branch="false" hits="6" number="1018"/>
						<line branch="false" hits="6" number="1019"/>
						<line branch="false" hits="6" number="1020"/>
						<line branch="false" hits="6" number="1021"/>
						<line branch="false" hits="6" number="1022"/>
						<line branch="true" hits="6" number="1025" condition-coverage="50% (1/2)"/>
						<line branch="false" hits="6" number="1026"/>
						<line branch="true" hits="6" number="1029" condition-coverage="50% (1/2)"/>
						<line branch="false" hits="0" number="1030"/>
						<line branch="false" hits="0" number="1031"/>
						<line branch="false" hits="0" number="1032"/>
						<line branch="false" hits="6" number="1035"/>
						<line branch="false" hits="6" number="1036"/>
						<line branch="true" hits="6" number="1037" condition-coverage="50% (1/2)"/>
						<line branch="false" hits="6" number="1038"/>
						<line branch="false" hits="6" number="1041"/>
						<line branch="false" hits="6" number="1042"/>
						<line branch="false" hits="6" number="1043"/>
						<line branch="false" hits="6" number="1044"/>
						<line branch="true" hits="6" number="1045" condition-coverage="50% (1/2)"/>
						<line branch="false" hits="6" number="1046"/>
						<line branch="false" hits="6" number="1049"/>
						<line branch="true" hits="6" number="1050" condition-coverage="50% (1/2)"/>
						<line branch="false" hits="6" number="1051"/>
						<line branch="false" hits="6" number="1052"/>
						<line branch="false" hits="6" number="1053"/>
						<line branch="false" hits="6" number="1054"/>
						<line branch="false" hits="6" number="1055"/>
						<line branch="false" hits="6" number="1058"/>
						<line branch="false" hits="6" number="1060"/>
						<line branch="false" hits="6" number="1061"/>
						<line branch="false" hits="6" number="1063"/>
						<line branch="false" hits="6" number="1064"/>
						<line branch="false" hits="0" number="1067"/>
						<line branch="false" hits="0" number="1068"/>
						<line branch="false" hits="0" number="1069"/>
						<line branch="false" hits="0" number="1072"/>
						<line branch="true" hits="0" number="1074" condition-coverage="0% (0/2)"/>
						<line branch="false" hits="0" number="1075"/>
						<line branch="false" hits="0" number="1076"/>
						<line branch="false" hits="0" number="1077"/>
						<line branch="false" hits="0" number="1078"/>
						<line branch="false" hits="0" number="1080"/>
						<line branch="false" hits="0" number="1081"/>
						<line branch="false" hits="0" number="1087"/>
						<line branch="false" hits="0" number="1088"/>
						<line branch="false" hits="0" number="1089"/>
						<line branch="false" hits="0" number="1090"/>
						<line branch="false" hits="0" number="1091"/>
						<line branch="false" hits="0" number="1092"/>
						<line branch="true" hits="0" number="1095" condition-coverage="0% (0/2)"/>
						<line branch="false" hits="0" number="1096"/>
						<line branch="true" hits="0" number="1099" condition-coverage="0% (0/2)"/>
						<line branch="false" hits="0" number="1100"/>
						<line branch="false" hits="0" number="1102"/>
						<line branch="false" hits="0" number="1103"/>
						<line branch="false" hits="0" number="1104"/>
						<line branch="false" hits="0" number="1105"/>
						<line branch="true" hits="0" number="1106" condition-coverage="0% (0/2)"/>
						<line branch="false" hits="0" number="1107"/>
						<line branch="false" hits="0" number="1109"/>
						<line branch="false" hits="0" number="1110"/>
						<line branch="false" hits="0" number="1111"/>
						<line branch="false" hits="0" number="1112"/>
						<line branch="false" hits="0" number="1113"/>
						<line branch="false" hits="0" number="1114"/>
						<line branch="false" hits="0" number="1116"/>
						<line branch="false" hits="0" number="1117"/>
						<line branch="false" hits="0" number="1118"/>
						<line branch="false" hits="0" number="1119"/>
						<line branch="false" hits="0" number="1120"/>
						<line branch="true" hits="0" number="1121" condition-coverage="0% (0/2)"/>
						<line branch="false" hits="0" number="1122"/>
						<line branch="false" hits="0" number="1125"/>
						<line branch="false" hits="0" number="1127"/>
						<line branch="true" hits="0" number="1128" condition-coverage="0% (0/2)"/>
						<line branch="false" hits="0" number="1130"/>
						<line branch="false" hits="0" number="1131"/>
						<line branch="false" hits="0" number="1134"/>
						<line branch="false" hits="0" number="1135"/>
						<line branch="false" hits="0" number="1136"/>
						<line branch="false" hits="0" number="1137"/>
						<line branch="false" hits="0" number="1138"/>
						<line branch="true" hits="0" number="1141" condition-coverage="0% (0/2)"/>
						<line branch="false" hits="0" number="1142"/>
						<line branch="true" hits="0" number="1145" condition-coverage="0% (0/2)"/>
						<line branch="false" hits="0" number="1146"/>
						<line branch="false" hits="0" number="1148"/>
						<line branch="false" hits="0" number="1149"/>
						<line branch="false" hits="0" number="1150"/>
						<line branch="false" hits="0" number="1151"/>
						<line branch="false" hits="0" number="1153"/>
						<line branch="false" hits="0" number="1154"/>
						<line branch="false" hits="0" number="1155"/>
						<line branch="false" hits="0" number="1156"/>
						<line branch="true" hits="0" number="1157" condition-coverage="0% (0/2)"/>
						<line branch="false" hits="0" number="1158"/>
						<line branch="false" hits="0" number="1161"/>
						<line branch="false" hits="0" number="1163"/>
						<line branch="false" hits="0" number="1165"/>
						<line branch="false" hits="0" number="1166"/>
						<line branch="false" hits="0" number="1169"/>
						<line branch="false" hits="0" number="1170"/>
						<line branch="false" hits="0" number="1171"/>
						<line branch="false" hits="0" number="1174"/>
						<line branch="true" hits="0" number="1176" condition-coverage="0% (0/2)"/>
						<line branch="false" hits="0" number="1177"/>
						<line branch="false" hits="0" number="1178"/>
						<line branch="false" hits="0" number="1179"/>
						<line branch="false" hits="0" number="1180"/>
						<line branch="false" hits="0" number="1182"/>
						<line branch="false" hits="0" number="1183"/>
						<line branch="false" hits="0" number="1187"/>
						<line branch="false" hits="0" number="1188"/>
						<line branch="false" hits="0" number="1189"/>
						<line branch="false" hits="0" number="1190"/>
						<line branch="true" hits="0" number="1193" condition-coverage="0% (0/2)"/>
						<line branch="false" hits="0" number="1194"/>
						<line branch="false" hits="0" number="1196"/>
						<line branch="false" hits="0" number="1197"/>
						<line branch="true" hits="0" number="1198" condition-coverage="0% (0/2)"/>
						<line branch="false" hits="0" number="1199"/>
						<line branch="false" hits="0" number="1201"/>
						<line branch="false" hits="0" number="1203"/>
						<line branch="false" hits="0" number="1205"/>
						<line branch="false" hits="0" number="1206"/>
						<line branch="false" hits="0" number="1210"/>
						<line branch="false" hits="0" number="1211"/>
						<line branch="false" hits="0" number="1212"/>
						<line branch="false" hits="0" number="1213"/>
						<line branch="true" hits="0" number="1216" condition-coverage="0% (0/2)"/>
						<line branch="false" hits="0" number="1217"/>
						<line branch="false" hits="0" number="1219"/>
						<line branch="false" hits="0" number="1220"/>
						<line branch="true" hits="0" number="1221" condition-coverage="0% (0/2)"/>
						<line branch="false" hits="0" number="1222"/>
						<line branch="false" hits="0" number="1224"/>
						<line branch="false" hits="0" number="1226"/>
						<line branch="false" hits="0" number="1228"/>
						<line branch="false" hits="0" number="1229"/>
						<line branch="false" hits="0" number="1234"/>
						<line branch="false" hits="0" number="1235"/>
						<line branch="false" hits="0" number="1236"/>
						<line branch="false" hits="0" number="1237"/>
						<line branch="false" hits="0" number="1238"/>
						<line branch="false" hits="0" number="1239"/>
						<line branch="true" hits="0" number="1242" condition-coverage="0% (0/2)"/>
						<line branch="false" hits="0" number="1243"/>
						<line branch="false" hits="0" number="1246"/>
						<line branch="true" hits="0" number="1247" condition-coverage="0% (0/2)"/>
						<line branch="false" hits="0" number="1248"/>
						<line branch="false" hits="0" number="1250"/>
						<line branch="false" hits="0" number="1251"/>
						<line branch="false" hits="0" number="1253"/>
						<line branch="false" hits="0" number="1254"/>
						<line branch="true" hits="0" number="1264" condition-coverage="0% (0/2)"/>
						<line branch="false" hits="0" number="1265"/>
						<line branch="true" hits="0" number="1266" condition-coverage="0% (0/2)"/>
						<line branch="false" hits="0" number="1267"/>
						<line branch="false" hits="0" number="1269"/>
						<line branch="true" hits="0" number="1271" condition-coverage="0% (0/2)"/>
						<line branch="false" hits="0" number="1272"/>
						<line branch="false" hits="0" number="1273"/>
						<line branch="false" hits="0" number="1274"/>
						<line branch="false" hits="0" number="1277"/>
						<line branch="false" hits="0" number="1279"/>
						<line branch="true" hits="0" number="1280" condition-coverage="0% (0/2)"/>
						<line branch="false" hits="0" number="1281"/>
						<line branch="false" hits="0" number="1283"/>
						<line branch="false" hits="0" number="1284"/>
					</lines>
				</class>
			</classes>
		</package>
	</packages>
</coverage>
